[2021-05-02 09:30:49,104] {taskinstance.py:655} INFO - Dependencies all met for <TaskInstance: cn_data_ingesation.json_file_check 2021-05-02T09:18:01.163719+00:00 [queued]>
[2021-05-02 09:30:49,111] {taskinstance.py:655} INFO - Dependencies all met for <TaskInstance: cn_data_ingesation.json_file_check 2021-05-02T09:18:01.163719+00:00 [queued]>
[2021-05-02 09:30:49,111] {taskinstance.py:866} INFO - 
--------------------------------------------------------------------------------
[2021-05-02 09:30:49,111] {taskinstance.py:867} INFO - Starting attempt 1 of 2
[2021-05-02 09:30:49,111] {taskinstance.py:868} INFO - 
--------------------------------------------------------------------------------
[2021-05-02 09:30:49,121] {taskinstance.py:887} INFO - Executing <Task(BashOperator): json_file_check> on 2021-05-02T09:18:01.163719+00:00
[2021-05-02 09:30:49,124] {standard_task_runner.py:53} INFO - Started process 6314 to run task
[2021-05-02 09:30:49,170] {logging_mixin.py:112} INFO - Running %s on host %s <TaskInstance: cn_data_ingesation.json_file_check 2021-05-02T09:18:01.163719+00:00 [running]> ip-172-31-21-147.ec2.internal
[2021-05-02 09:30:49,181] {bash_operator.py:82} INFO - Tmp dir root location: 
 /tmp
[2021-05-02 09:30:49,183] {bash_operator.py:105} INFO - Temporary script location: /tmp/airflowtmpW12_Ow/json_file_checkajSMJP
[2021-05-02 09:30:49,183] {bash_operator.py:115} INFO - Running command: shasum ~/airflow/cn_files/src1/data*
[2021-05-02 09:30:49,188] {bash_operator.py:122} INFO - Output:
[2021-05-02 09:30:49,210] {bash_operator.py:126} INFO - d7ca3afb3e1adcaaa52d7905f4d44a240a3ede87  /home/ubuntu/airflow/cn_files/src1/data_20210124.json
[2021-05-02 09:30:49,210] {bash_operator.py:126} INFO - 125da1eedfdf363ab0480ce20076977606264e42  /home/ubuntu/airflow/cn_files/src1/data_20210125.json
[2021-05-02 09:30:49,210] {bash_operator.py:126} INFO - 64dfa21a1876bbebc0633182fe6f0802db86dee4  /home/ubuntu/airflow/cn_files/src1/data_20210126.json
[2021-05-02 09:30:49,210] {bash_operator.py:130} INFO - Command exited with return code 0
[2021-05-02 09:30:49,216] {taskinstance.py:1048} INFO - Marking task as SUCCESS.dag_id=cn_data_ingesation, task_id=json_file_check, execution_date=20210502T091801, start_date=20210502T093049, end_date=20210502T093049
[2021-05-02 09:30:59,103] {logging_mixin.py:112} INFO - [2021-05-02 09:30:59,102] {local_task_job.py:103} INFO - Task exited with return code 0
