[2021-05-02 09:31:00,367] {taskinstance.py:655} INFO - Dependencies all met for <TaskInstance: cn_data_ingesation.csv_file_check 2021-05-02T09:18:01.163719+00:00 [queued]>
[2021-05-02 09:31:00,374] {taskinstance.py:655} INFO - Dependencies all met for <TaskInstance: cn_data_ingesation.csv_file_check 2021-05-02T09:18:01.163719+00:00 [queued]>
[2021-05-02 09:31:00,374] {taskinstance.py:866} INFO - 
--------------------------------------------------------------------------------
[2021-05-02 09:31:00,374] {taskinstance.py:867} INFO - Starting attempt 1 of 2
[2021-05-02 09:31:00,375] {taskinstance.py:868} INFO - 
--------------------------------------------------------------------------------
[2021-05-02 09:31:00,384] {taskinstance.py:887} INFO - Executing <Task(BashOperator): csv_file_check> on 2021-05-02T09:18:01.163719+00:00
[2021-05-02 09:31:00,386] {standard_task_runner.py:53} INFO - Started process 6324 to run task
[2021-05-02 09:31:00,433] {logging_mixin.py:112} INFO - Running %s on host %s <TaskInstance: cn_data_ingesation.csv_file_check 2021-05-02T09:18:01.163719+00:00 [running]> ip-172-31-21-147.ec2.internal
[2021-05-02 09:31:00,444] {bash_operator.py:82} INFO - Tmp dir root location: 
 /tmp
[2021-05-02 09:31:00,446] {bash_operator.py:105} INFO - Temporary script location: /tmp/airflowtmpKhlb03/csv_file_checkCthfWc
[2021-05-02 09:31:00,446] {bash_operator.py:115} INFO - Running command: shasum ~/airflow/cn_files/src2/eng*
[2021-05-02 09:31:00,451] {bash_operator.py:122} INFO - Output:
[2021-05-02 09:31:00,472] {bash_operator.py:126} INFO - 00da60d466e1e15b46352cba1f133124a7bc254d  /home/ubuntu/airflow/cn_files/src2/engagement_20210124.csv
[2021-05-02 09:31:00,472] {bash_operator.py:126} INFO - a05155feda8ea841f2105a49870bbfc6c1d098d8  /home/ubuntu/airflow/cn_files/src2/engagement_20210125.csv
[2021-05-02 09:31:00,472] {bash_operator.py:126} INFO - f42942eb26e9e57715d50a4ccdf198275e135d8f  /home/ubuntu/airflow/cn_files/src2/engagement_20210126.csv
[2021-05-02 09:31:00,473] {bash_operator.py:130} INFO - Command exited with return code 0
[2021-05-02 09:31:00,479] {taskinstance.py:1048} INFO - Marking task as SUCCESS.dag_id=cn_data_ingesation, task_id=csv_file_check, execution_date=20210502T091801, start_date=20210502T093100, end_date=20210502T093100
[2021-05-02 09:31:10,364] {logging_mixin.py:112} INFO - [2021-05-02 09:31:10,364] {local_task_job.py:103} INFO - Task exited with return code 0
